This file contains any messages produced by compilers while
running configure, to aid debugging if configure makes a mistake.

It was created by libprotoident configure 2.0.8, which was
generated by GNU Autoconf 2.69.  Invocation command line was

  $ ./configure 

## --------- ##
## Platform. ##
## --------- ##

hostname = mehdi-VirtualBox
uname -m = x86_64
uname -r = 4.2.0-27-generic
uname -s = Linux
uname -v = #32~14.04.1-Ubuntu SMP Fri Jan 22 15:32:26 UTC 2016

/usr/bin/uname -p = unknown
/bin/uname -X     = unknown

/bin/arch              = unknown
/usr/bin/arch -k       = unknown
/usr/convex/getsysinfo = unknown
/usr/bin/hostinfo      = unknown
/bin/machine           = unknown
/usr/bin/oslevel       = unknown
/bin/universe          = unknown

PATH: /usr/local/sbin
PATH: /usr/local/bin
PATH: /usr/sbin
PATH: /usr/bin
PATH: /sbin
PATH: /bin


## ----------- ##
## Core tests. ##
## ----------- ##

configure:2392: checking for a BSD-compatible install
configure:2460: result: /usr/bin/install -c
configure:2471: checking whether build environment is sane
configure:2521: result: yes
configure:2662: checking for a thread-safe mkdir -p
configure:2701: result: /bin/mkdir -p
configure:2714: checking for gawk
configure:2744: result: no
configure:2714: checking for mawk
configure:2730: found /usr/bin/mawk
configure:2741: result: mawk
configure:2752: checking whether make sets $(MAKE)
configure:2774: result: yes
configure:2870: checking whether make supports nested variables
configure:2887: result: yes
configure:2958: checking for gcc
configure:2974: found /usr/bin/gcc
configure:2985: result: gcc
configure:3214: checking for C compiler version
configure:3223: gcc --version >&5
gcc (Ubuntu 4.8.4-2ubuntu1~14.04.3) 4.8.4
Copyright (C) 2013 Free Software Foundation, Inc.
This is free software; see the source for copying conditions.  There is NO
warranty; not even for MERCHANTABILITY or FITNESS FOR A PARTICULAR PURPOSE.

configure:3234: $? = 0
configure:3223: gcc -v >&5
Using built-in specs.
COLLECT_GCC=gcc
COLLECT_LTO_WRAPPER=/usr/lib/gcc/x86_64-linux-gnu/4.8/lto-wrapper
Target: x86_64-linux-gnu
Configured with: ../src/configure -v --with-pkgversion='Ubuntu 4.8.4-2ubuntu1~14.04.3' --with-bugurl=file:///usr/share/doc/gcc-4.8/README.Bugs --enable-languages=c,c++,java,go,d,fortran,objc,obj-c++ --prefix=/usr --program-suffix=-4.8 --enable-shared --enable-linker-build-id --libexecdir=/usr/lib --without-included-gettext --enable-threads=posix --with-gxx-include-dir=/usr/include/c++/4.8 --libdir=/usr/lib --enable-nls --with-sysroot=/ --enable-clocale=gnu --enable-libstdcxx-debug --enable-libstdcxx-time=yes --enable-gnu-unique-object --disable-libmudflap --enable-plugin --with-system-zlib --disable-browser-plugin --enable-java-awt=gtk --enable-gtk-cairo --with-java-home=/usr/lib/jvm/java-1.5.0-gcj-4.8-amd64/jre --enable-java-home --with-jvm-root-dir=/usr/lib/jvm/java-1.5.0-gcj-4.8-amd64 --with-jvm-jar-dir=/usr/lib/jvm-exports/java-1.5.0-gcj-4.8-amd64 --with-arch-directory=amd64 --with-ecj-jar=/usr/share/java/eclipse-ecj.jar --enable-objc-gc --enable-multiarch --disable-werror --with-arch-32=i686 --with-abi=m64 --with-multilib-list=m32,m64,mx32 --with-tune=generic --enable-checking=release --build=x86_64-linux-gnu --host=x86_64-linux-gnu --target=x86_64-linux-gnu
Thread model: posix
gcc version 4.8.4 (Ubuntu 4.8.4-2ubuntu1~14.04.3) 
configure:3234: $? = 0
configure:3223: gcc -V >&5
gcc: error: unrecognized command line option '-V'
gcc: fatal error: no input files
compilation terminated.
configure:3234: $? = 4
configure:3223: gcc -qversion >&5
gcc: error: unrecognized command line option '-qversion'
gcc: fatal error: no input files
compilation terminated.
configure:3234: $? = 4
configure:3254: checking whether the C compiler works
configure:3276: gcc    conftest.c  >&5
configure:3280: $? = 0
configure:3328: result: yes
configure:3331: checking for C compiler default output file name
configure:3333: result: a.out
configure:3339: checking for suffix of executables
configure:3346: gcc -o conftest    conftest.c  >&5
configure:3350: $? = 0
configure:3372: result: 
configure:3394: checking whether we are cross compiling
configure:3402: gcc -o conftest    conftest.c  >&5
configure:3406: $? = 0
configure:3413: ./conftest
configure:3417: $? = 0
configure:3432: result: no
configure:3437: checking for suffix of object files
configure:3459: gcc -c   conftest.c >&5
configure:3463: $? = 0
configure:3484: result: o
configure:3488: checking whether we are using the GNU C compiler
configure:3507: gcc -c   conftest.c >&5
configure:3507: $? = 0
configure:3516: result: yes
configure:3525: checking whether gcc accepts -g
configure:3545: gcc -c -g  conftest.c >&5
configure:3545: $? = 0
configure:3586: result: yes
configure:3603: checking for gcc option to accept ISO C89
configure:3666: gcc  -c -g -O2  conftest.c >&5
configure:3666: $? = 0
configure:3679: result: none needed
configure:3710: checking for style of include used by make
configure:3738: result: GNU
configure:3764: checking dependency style of gcc
configure:3875: result: gcc3
configure:3948: checking for g++
configure:3964: found /usr/bin/g++
configure:3975: result: g++
configure:4002: checking for C++ compiler version
configure:4011: g++ --version >&5
g++ (Ubuntu 4.8.4-2ubuntu1~14.04.3) 4.8.4
Copyright (C) 2013 Free Software Foundation, Inc.
This is free software; see the source for copying conditions.  There is NO
warranty; not even for MERCHANTABILITY or FITNESS FOR A PARTICULAR PURPOSE.

configure:4022: $? = 0
configure:4011: g++ -v >&5
Using built-in specs.
COLLECT_GCC=g++
COLLECT_LTO_WRAPPER=/usr/lib/gcc/x86_64-linux-gnu/4.8/lto-wrapper
Target: x86_64-linux-gnu
Configured with: ../src/configure -v --with-pkgversion='Ubuntu 4.8.4-2ubuntu1~14.04.3' --with-bugurl=file:///usr/share/doc/gcc-4.8/README.Bugs --enable-languages=c,c++,java,go,d,fortran,objc,obj-c++ --prefix=/usr --program-suffix=-4.8 --enable-shared --enable-linker-build-id --libexecdir=/usr/lib --without-included-gettext --enable-threads=posix --with-gxx-include-dir=/usr/include/c++/4.8 --libdir=/usr/lib --enable-nls --with-sysroot=/ --enable-clocale=gnu --enable-libstdcxx-debug --enable-libstdcxx-time=yes --enable-gnu-unique-object --disable-libmudflap --enable-plugin --with-system-zlib --disable-browser-plugin --enable-java-awt=gtk --enable-gtk-cairo --with-java-home=/usr/lib/jvm/java-1.5.0-gcj-4.8-amd64/jre --enable-java-home --with-jvm-root-dir=/usr/lib/jvm/java-1.5.0-gcj-4.8-amd64 --with-jvm-jar-dir=/usr/lib/jvm-exports/java-1.5.0-gcj-4.8-amd64 --with-arch-directory=amd64 --with-ecj-jar=/usr/share/java/eclipse-ecj.jar --enable-objc-gc --enable-multiarch --disable-werror --with-arch-32=i686 --with-abi=m64 --with-multilib-list=m32,m64,mx32 --with-tune=generic --enable-checking=release --build=x86_64-linux-gnu --host=x86_64-linux-gnu --target=x86_64-linux-gnu
Thread model: posix
gcc version 4.8.4 (Ubuntu 4.8.4-2ubuntu1~14.04.3) 
configure:4022: $? = 0
configure:4011: g++ -V >&5
g++: error: unrecognized command line option '-V'
g++: fatal error: no input files
compilation terminated.
configure:4022: $? = 4
configure:4011: g++ -qversion >&5
g++: error: unrecognized command line option '-qversion'
g++: fatal error: no input files
compilation terminated.
configure:4022: $? = 4
configure:4026: checking whether we are using the GNU C++ compiler
configure:4045: g++ -c   conftest.cpp >&5
configure:4045: $? = 0
configure:4054: result: yes
configure:4063: checking whether g++ accepts -g
configure:4083: g++ -c -g  conftest.cpp >&5
configure:4083: $? = 0
configure:4124: result: yes
configure:4149: checking dependency style of g++
configure:4260: result: gcc3
configure:4276: checking whether the C++ compiler works
configure:4298: g++ -o conftest -g -O2   conftest.cpp  >&5
configure:4298: $? = 0
configure:4312: result: yes
configure:4352: checking build system type
configure:4366: result: x86_64-unknown-linux-gnu
configure:4386: checking host system type
configure:4399: result: x86_64-unknown-linux-gnu
configure:4440: checking how to print strings
configure:4467: result: printf
configure:4488: checking for a sed that does not truncate output
configure:4552: result: /bin/sed
configure:4570: checking for grep that handles long lines and -e
configure:4628: result: /bin/grep
configure:4633: checking for egrep
configure:4695: result: /bin/grep -E
configure:4700: checking for fgrep
configure:4762: result: /bin/grep -F
configure:4797: checking for ld used by gcc
configure:4864: result: /usr/bin/ld
configure:4871: checking if the linker (/usr/bin/ld) is GNU ld
configure:4886: result: yes
configure:4898: checking for BSD- or MS-compatible name lister (nm)
configure:4947: result: /usr/bin/nm -B
configure:5077: checking the name lister (/usr/bin/nm -B) interface
configure:5084: g++ -c -g -O2  conftest.cpp >&5
configure:5087: /usr/bin/nm -B "conftest.o"
configure:5090: output
0000000000000000 B some_variable
configure:5097: result: BSD nm
configure:5100: checking whether ln -s works
configure:5104: result: yes
configure:5112: checking the maximum length of command line arguments
configure:5242: result: 1572864
configure:5259: checking whether the shell understands some XSI constructs
configure:5269: result: yes
configure:5273: checking whether the shell understands "+="
configure:5279: result: yes
configure:5314: checking how to convert x86_64-unknown-linux-gnu file names to x86_64-unknown-linux-gnu format
configure:5354: result: func_convert_file_noop
configure:5361: checking how to convert x86_64-unknown-linux-gnu file names to toolchain format
configure:5381: result: func_convert_file_noop
configure:5388: checking for /usr/bin/ld option to reload object files
configure:5395: result: -r
configure:5469: checking for objdump
configure:5485: found /usr/bin/objdump
configure:5496: result: objdump
configure:5528: checking how to recognize dependent libraries
configure:5726: result: pass_all
configure:5811: checking for dlltool
configure:5841: result: no
configure:5871: checking how to associate runtime and link libraries
configure:5898: result: printf %s\n
configure:5958: checking for ar
configure:5974: found /usr/bin/ar
configure:5985: result: ar
configure:6022: checking for archiver @FILE support
configure:6039: g++ -c -g -O2  conftest.cpp >&5
configure:6039: $? = 0
configure:6042: ar cru libconftest.a @conftest.lst >&5
configure:6045: $? = 0
configure:6050: ar cru libconftest.a @conftest.lst >&5
ar: conftest.o: No such file or directory
configure:6053: $? = 1
configure:6065: result: @
configure:6123: checking for strip
configure:6139: found /usr/bin/strip
configure:6150: result: strip
configure:6222: checking for ranlib
configure:6238: found /usr/bin/ranlib
configure:6249: result: ranlib
configure:6351: checking command to parse /usr/bin/nm -B output from gcc object
configure:6471: g++ -c -g -O2  conftest.cpp >&5
configure:6474: $? = 0
configure:6478: /usr/bin/nm -B conftest.o \| sed -n -e 's/^.*[ ]\([ABCDGIRSTW][ABCDGIRSTW]*\)[ ][ ]*\([_A-Za-z][_A-Za-z0-9]*\)$/\1 \2 \2/p' | sed '/ __gnu_lto/d' \> conftest.nm
configure:6481: $? = 0
configure:6547: g++ -o conftest -g -O2   conftest.cpp conftstm.o >&5
configure:6550: $? = 0
configure:6588: result: ok
configure:6625: checking for sysroot
configure:6655: result: no
configure:6733: g++ -c -g -O2  conftest.cpp >&5
configure:6736: $? = 0
configure:6912: checking for mt
configure:6928: found /bin/mt
configure:6939: result: mt
configure:6962: checking if mt is a manifest tool
configure:6968: mt '-?'
configure:6976: result: no
configure:7618: checking how to run the C preprocessor
configure:7649: gcc -E  conftest.c
configure:7649: $? = 0
configure:7663: gcc -E  conftest.c
conftest.c:11:28: fatal error: ac_nonexistent.h: No such file or directory
 #include <ac_nonexistent.h>
                            ^
compilation terminated.
configure:7663: $? = 1
configure: failed program was:
| /* confdefs.h */
| #define PACKAGE_NAME "libprotoident"
| #define PACKAGE_TARNAME "libprotoident"
| #define PACKAGE_VERSION "2.0.8"
| #define PACKAGE_STRING "libprotoident 2.0.8"
| #define PACKAGE_BUGREPORT "contact@wand.net.nz"
| #define PACKAGE_URL ""
| #define PACKAGE "libprotoident"
| #define VERSION "2.0.8"
| /* end confdefs.h.  */
| #include <ac_nonexistent.h>
configure:7688: result: gcc -E
configure:7708: gcc -E  conftest.c
configure:7708: $? = 0
configure:7722: gcc -E  conftest.c
conftest.c:11:28: fatal error: ac_nonexistent.h: No such file or directory
 #include <ac_nonexistent.h>
                            ^
compilation terminated.
configure:7722: $? = 1
configure: failed program was:
| /* confdefs.h */
| #define PACKAGE_NAME "libprotoident"
| #define PACKAGE_TARNAME "libprotoident"
| #define PACKAGE_VERSION "2.0.8"
| #define PACKAGE_STRING "libprotoident 2.0.8"
| #define PACKAGE_BUGREPORT "contact@wand.net.nz"
| #define PACKAGE_URL ""
| #define PACKAGE "libprotoident"
| #define VERSION "2.0.8"
| /* end confdefs.h.  */
| #include <ac_nonexistent.h>
configure:7751: checking for ANSI C header files
configure:7771: gcc -c -g -O2  conftest.c >&5
configure:7771: $? = 0
configure:7844: gcc -o conftest -g -O2   conftest.c  >&5
configure:7844: $? = 0
configure:7844: ./conftest
configure:7844: $? = 0
configure:7855: result: yes
configure:7868: checking for sys/types.h
configure:7868: gcc -c -g -O2  conftest.c >&5
configure:7868: $? = 0
configure:7868: result: yes
configure:7868: checking for sys/stat.h
configure:7868: gcc -c -g -O2  conftest.c >&5
configure:7868: $? = 0
configure:7868: result: yes
configure:7868: checking for stdlib.h
configure:7868: gcc -c -g -O2  conftest.c >&5
configure:7868: $? = 0
configure:7868: result: yes
configure:7868: checking for string.h
configure:7868: gcc -c -g -O2  conftest.c >&5
configure:7868: $? = 0
configure:7868: result: yes
configure:7868: checking for memory.h
configure:7868: gcc -c -g -O2  conftest.c >&5
configure:7868: $? = 0
configure:7868: result: yes
configure:7868: checking for strings.h
configure:7868: gcc -c -g -O2  conftest.c >&5
configure:7868: $? = 0
configure:7868: result: yes
configure:7868: checking for inttypes.h
configure:7868: gcc -c -g -O2  conftest.c >&5
configure:7868: $? = 0
configure:7868: result: yes
configure:7868: checking for stdint.h
configure:7868: gcc -c -g -O2  conftest.c >&5
configure:7868: $? = 0
configure:7868: result: yes
configure:7868: checking for unistd.h
configure:7868: gcc -c -g -O2  conftest.c >&5
configure:7868: $? = 0
configure:7868: result: yes
configure:7882: checking for dlfcn.h
configure:7882: gcc -c -g -O2  conftest.c >&5
configure:7882: $? = 0
configure:7882: result: yes
configure:8098: checking for objdir
configure:8113: result: .libs
configure:8380: checking if gcc supports -fno-rtti -fno-exceptions
configure:8398: gcc -c -g -O2  -fno-rtti -fno-exceptions conftest.c >&5
cc1: warning: command line option '-fno-rtti' is valid for C++/ObjC++ but not for C [enabled by default]
configure:8402: $? = 0
configure:8415: result: no
configure:8742: checking for gcc option to produce PIC
configure:8749: result: -fPIC -DPIC
configure:8757: checking if gcc PIC flag -fPIC -DPIC works
configure:8775: gcc -c -g -O2  -fPIC -DPIC -DPIC conftest.c >&5
configure:8779: $? = 0
configure:8792: result: yes
configure:8821: checking if gcc static flag -static works
configure:8849: result: yes
configure:8864: checking if gcc supports -c -o file.o
configure:8885: gcc -c -g -O2  -o out/conftest2.o conftest.c >&5
configure:8889: $? = 0
configure:8911: result: yes
configure:8919: checking if gcc supports -c -o file.o
configure:8966: result: yes
configure:8999: checking whether the gcc linker (/usr/bin/ld -m elf_x86_64) supports shared libraries
configure:10156: result: yes
configure:10193: checking whether -lc should be explicitly linked in
configure:10201: gcc -c -g -O2  conftest.c >&5
configure:10204: $? = 0
configure:10219: gcc -shared  -fPIC -DPIC conftest.o  -v -Wl,-soname -Wl,conftest -o conftest 2\>\&1 \| /bin/grep  -lc  \>/dev/null 2\>\&1
configure:10222: $? = 0
configure:10236: result: no
configure:10396: checking dynamic linker characteristics
configure:10896: gcc -o conftest -g -O2   -Wl,-rpath -Wl,/foo conftest.c  >&5
configure:10896: $? = 0
configure:11130: result: GNU/Linux ld.so
configure:11237: checking how to hardcode library paths into programs
configure:11262: result: immediate
configure:11802: checking whether stripping libraries is possible
configure:11807: result: yes
configure:11842: checking if libtool supports shared libraries
configure:11844: result: yes
configure:11847: checking whether to build shared libraries
configure:11868: result: yes
configure:11871: checking whether to build static libraries
configure:11875: result: yes
configure:11898: checking how to run the C++ preprocessor
configure:11925: g++ -E  conftest.cpp
configure:11925: $? = 0
configure:11939: g++ -E  conftest.cpp
conftest.cpp:23:28: fatal error: ac_nonexistent.h: No such file or directory
 #include <ac_nonexistent.h>
                            ^
compilation terminated.
configure:11939: $? = 1
configure: failed program was:
| /* confdefs.h */
| #define PACKAGE_NAME "libprotoident"
| #define PACKAGE_TARNAME "libprotoident"
| #define PACKAGE_VERSION "2.0.8"
| #define PACKAGE_STRING "libprotoident 2.0.8"
| #define PACKAGE_BUGREPORT "contact@wand.net.nz"
| #define PACKAGE_URL ""
| #define PACKAGE "libprotoident"
| #define VERSION "2.0.8"
| #define STDC_HEADERS 1
| #define HAVE_SYS_TYPES_H 1
| #define HAVE_SYS_STAT_H 1
| #define HAVE_STDLIB_H 1
| #define HAVE_STRING_H 1
| #define HAVE_MEMORY_H 1
| #define HAVE_STRINGS_H 1
| #define HAVE_INTTYPES_H 1
| #define HAVE_STDINT_H 1
| #define HAVE_UNISTD_H 1
| #define HAVE_DLFCN_H 1
| #define LT_OBJDIR ".libs/"
| /* end confdefs.h.  */
| #include <ac_nonexistent.h>
configure:11964: result: g++ -E
configure:11984: g++ -E  conftest.cpp
configure:11984: $? = 0
configure:11998: g++ -E  conftest.cpp
conftest.cpp:23:28: fatal error: ac_nonexistent.h: No such file or directory
 #include <ac_nonexistent.h>
                            ^
compilation terminated.
configure:11998: $? = 1
configure: failed program was:
| /* confdefs.h */
| #define PACKAGE_NAME "libprotoident"
| #define PACKAGE_TARNAME "libprotoident"
| #define PACKAGE_VERSION "2.0.8"
| #define PACKAGE_STRING "libprotoident 2.0.8"
| #define PACKAGE_BUGREPORT "contact@wand.net.nz"
| #define PACKAGE_URL ""
| #define PACKAGE "libprotoident"
| #define VERSION "2.0.8"
| #define STDC_HEADERS 1
| #define HAVE_SYS_TYPES_H 1
| #define HAVE_SYS_STAT_H 1
| #define HAVE_STDLIB_H 1
| #define HAVE_STRING_H 1
| #define HAVE_MEMORY_H 1
| #define HAVE_STRINGS_H 1
| #define HAVE_INTTYPES_H 1
| #define HAVE_STDINT_H 1
| #define HAVE_UNISTD_H 1
| #define HAVE_DLFCN_H 1
| #define LT_OBJDIR ".libs/"
| /* end confdefs.h.  */
| #include <ac_nonexistent.h>
configure:12167: checking for ld used by g++
configure:12234: result: /usr/bin/ld -m elf_x86_64
configure:12241: checking if the linker (/usr/bin/ld -m elf_x86_64) is GNU ld
configure:12256: result: yes
configure:12311: checking whether the g++ linker (/usr/bin/ld -m elf_x86_64) supports shared libraries
configure:13313: result: yes
configure:13349: g++ -c -g -O2  conftest.cpp >&5
configure:13352: $? = 0
configure:13872: checking for g++ option to produce PIC
configure:13879: result: -fPIC -DPIC
configure:13887: checking if g++ PIC flag -fPIC -DPIC works
configure:13905: g++ -c -g -O2  -fPIC -DPIC -DPIC conftest.cpp >&5
configure:13909: $? = 0
configure:13922: result: yes
configure:13945: checking if g++ static flag -static works
configure:13973: result: yes
configure:13985: checking if g++ supports -c -o file.o
configure:14006: g++ -c -g -O2  -o out/conftest2.o conftest.cpp >&5
configure:14010: $? = 0
configure:14032: result: yes
configure:14037: checking if g++ supports -c -o file.o
configure:14084: result: yes
configure:14114: checking whether the g++ linker (/usr/bin/ld -m elf_x86_64) supports shared libraries
configure:14153: result: yes
configure:14294: checking dynamic linker characteristics
configure:14962: result: GNU/Linux ld.so
configure:15015: checking how to hardcode library paths into programs
configure:15040: result: immediate
configure:15118: checking for trace_get_payload_length in -ltrace
configure:15143: g++ -o conftest -g -O2   conftest.cpp -ltrace   >&5
configure:15143: $? = 0
configure:15152: result: yes
configure:15167: checking for lfm_release_flow in -lflowmanager
configure:15192: g++ -o conftest -g -O2   conftest.cpp -lflowmanager  -ltrace  >&5
configure:15192: $? = 0
configure:15201: result: yes
configure:15220: checking arpa/inet.h usability
configure:15220: g++ -c -g -O2  conftest.cpp >&5
configure:15220: $? = 0
configure:15220: result: yes
configure:15220: checking arpa/inet.h presence
configure:15220: g++ -E  conftest.cpp
configure:15220: $? = 0
configure:15220: result: yes
configure:15220: checking for arpa/inet.h
configure:15220: result: yes
configure:15220: checking fcntl.h usability
configure:15220: g++ -c -g -O2  conftest.cpp >&5
configure:15220: $? = 0
configure:15220: result: yes
configure:15220: checking fcntl.h presence
configure:15220: g++ -E  conftest.cpp
configure:15220: $? = 0
configure:15220: result: yes
configure:15220: checking for fcntl.h
configure:15220: result: yes
configure:15220: checking for inttypes.h
configure:15220: result: yes
configure:15220: checking netdb.h usability
configure:15220: g++ -c -g -O2  conftest.cpp >&5
configure:15220: $? = 0
configure:15220: result: yes
configure:15220: checking netdb.h presence
configure:15220: g++ -E  conftest.cpp
configure:15220: $? = 0
configure:15220: result: yes
configure:15220: checking for netdb.h
configure:15220: result: yes
configure:15220: checking netinet/in.h usability
configure:15220: g++ -c -g -O2  conftest.cpp >&5
configure:15220: $? = 0
configure:15220: result: yes
configure:15220: checking netinet/in.h presence
configure:15220: g++ -E  conftest.cpp
configure:15220: $? = 0
configure:15220: result: yes
configure:15220: checking for netinet/in.h
configure:15220: result: yes
configure:15220: checking for stdint.h
configure:15220: result: yes
configure:15220: checking for stdlib.h
configure:15220: result: yes
configure:15220: checking for string.h
configure:15220: result: yes
configure:15220: checking sys/socket.h usability
configure:15220: g++ -c -g -O2  conftest.cpp >&5
configure:15220: $? = 0
configure:15220: result: yes
configure:15220: checking sys/socket.h presence
configure:15220: g++ -E  conftest.cpp
configure:15220: $? = 0
configure:15220: result: yes
configure:15220: checking for sys/socket.h
configure:15220: result: yes
configure:15220: checking sys/time.h usability
configure:15220: g++ -c -g -O2  conftest.cpp >&5
configure:15220: $? = 0
configure:15220: result: yes
configure:15220: checking sys/time.h presence
configure:15220: g++ -E  conftest.cpp
configure:15220: $? = 0
configure:15220: result: yes
configure:15220: checking for sys/time.h
configure:15220: result: yes
configure:15220: checking syslog.h usability
configure:15220: g++ -c -g -O2  conftest.cpp >&5
configure:15220: $? = 0
configure:15220: result: yes
configure:15220: checking syslog.h presence
configure:15220: g++ -E  conftest.cpp
configure:15220: $? = 0
configure:15220: result: yes
configure:15220: checking for syslog.h
configure:15220: result: yes
configure:15220: checking for unistd.h
configure:15220: result: yes
configure:15394: creating ./config.status

## ---------------------- ##
## Running config.status. ##
## ---------------------- ##

This file was extended by libprotoident config.status 2.0.8, which was
generated by GNU Autoconf 2.69.  Invocation command line was

  CONFIG_FILES    = 
  CONFIG_HEADERS  = 
  CONFIG_LINKS    = 
  CONFIG_COMMANDS = 
  $ ./config.status 

on mehdi-VirtualBox

config.status:1169: creating Makefile
config.status:1169: creating lib/Makefile
config.status:1169: creating tools/Makefile
config.status:1169: creating tools/find_unknown/Makefile
config.status:1169: creating tools/protoident/Makefile
config.status:1169: creating tools/arff/Makefile
config.status:1169: creating lib/udp/Makefile
config.status:1169: creating lib/tcp/Makefile
config.status:1169: creating config.h
config.status:1398: executing depfiles commands
config.status:1398: executing libtool commands

## ---------------- ##
## Cache variables. ##
## ---------------- ##

ac_cv_build=x86_64-unknown-linux-gnu
ac_cv_c_compiler_gnu=yes
ac_cv_cxx_compiler_gnu=yes
ac_cv_env_CCC_set=
ac_cv_env_CCC_value=
ac_cv_env_CC_set=
ac_cv_env_CC_value=
ac_cv_env_CFLAGS_set=
ac_cv_env_CFLAGS_value=
ac_cv_env_CPPFLAGS_set=
ac_cv_env_CPPFLAGS_value=
ac_cv_env_CPP_set=
ac_cv_env_CPP_value=
ac_cv_env_CXXCPP_set=
ac_cv_env_CXXCPP_value=
ac_cv_env_CXXFLAGS_set=
ac_cv_env_CXXFLAGS_value=
ac_cv_env_CXX_set=
ac_cv_env_CXX_value=
ac_cv_env_LDFLAGS_set=
ac_cv_env_LDFLAGS_value=
ac_cv_env_LIBS_set=
ac_cv_env_LIBS_value=
ac_cv_env_build_alias_set=
ac_cv_env_build_alias_value=
ac_cv_env_host_alias_set=
ac_cv_env_host_alias_value=
ac_cv_env_target_alias_set=
ac_cv_env_target_alias_value=
ac_cv_header_arpa_inet_h=yes
ac_cv_header_dlfcn_h=yes
ac_cv_header_fcntl_h=yes
ac_cv_header_inttypes_h=yes
ac_cv_header_memory_h=yes
ac_cv_header_netdb_h=yes
ac_cv_header_netinet_in_h=yes
ac_cv_header_stdc=yes
ac_cv_header_stdint_h=yes
ac_cv_header_stdlib_h=yes
ac_cv_header_string_h=yes
ac_cv_header_strings_h=yes
ac_cv_header_sys_socket_h=yes
ac_cv_header_sys_stat_h=yes
ac_cv_header_sys_time_h=yes
ac_cv_header_sys_types_h=yes
ac_cv_header_syslog_h=yes
ac_cv_header_unistd_h=yes
ac_cv_host=x86_64-unknown-linux-gnu
ac_cv_lib_flowmanager_lfm_release_flow=yes
ac_cv_lib_trace_trace_get_payload_length=yes
ac_cv_objext=o
ac_cv_path_EGREP='/bin/grep -E'
ac_cv_path_FGREP='/bin/grep -F'
ac_cv_path_GREP=/bin/grep
ac_cv_path_SED=/bin/sed
ac_cv_path_install='/usr/bin/install -c'
ac_cv_path_mkdir=/bin/mkdir
ac_cv_prog_AWK=mawk
ac_cv_prog_CPP='gcc -E'
ac_cv_prog_CXXCPP='g++ -E'
ac_cv_prog_ac_ct_AR=ar
ac_cv_prog_ac_ct_CC=gcc
ac_cv_prog_ac_ct_CXX=g++
ac_cv_prog_ac_ct_MANIFEST_TOOL=mt
ac_cv_prog_ac_ct_OBJDUMP=objdump
ac_cv_prog_ac_ct_RANLIB=ranlib
ac_cv_prog_ac_ct_STRIP=strip
ac_cv_prog_cc_c89=
ac_cv_prog_cc_g=yes
ac_cv_prog_cxx_g=yes
ac_cv_prog_make_make_set=yes
am_cv_CC_dependencies_compiler_type=gcc3
am_cv_CXX_dependencies_compiler_type=gcc3
am_cv_make_support_nested_variables=yes
lt_cv_ar_at_file=@
lt_cv_archive_cmds_need_lc=no
lt_cv_deplibs_check_method=pass_all
lt_cv_file_magic_cmd='$MAGIC_CMD'
lt_cv_file_magic_test_file=
lt_cv_ld_reload_flag=-r
lt_cv_nm_interface='BSD nm'
lt_cv_objdir=.libs
lt_cv_path_LD=/usr/bin/ld
lt_cv_path_LDCXX='/usr/bin/ld -m elf_x86_64'
lt_cv_path_NM='/usr/bin/nm -B'
lt_cv_path_mainfest_tool=no
lt_cv_prog_compiler_c_o=yes
lt_cv_prog_compiler_c_o_CXX=yes
lt_cv_prog_compiler_pic='-fPIC -DPIC'
lt_cv_prog_compiler_pic_CXX='-fPIC -DPIC'
lt_cv_prog_compiler_pic_works=yes
lt_cv_prog_compiler_pic_works_CXX=yes
lt_cv_prog_compiler_rtti_exceptions=no
lt_cv_prog_compiler_static_works=yes
lt_cv_prog_compiler_static_works_CXX=yes
lt_cv_prog_gnu_ld=yes
lt_cv_prog_gnu_ldcxx=yes
lt_cv_sharedlib_from_linklib_cmd='printf %s\n'
lt_cv_shlibpath_overrides_runpath=no
lt_cv_sys_global_symbol_pipe='sed -n -e '\''s/^.*[	 ]\([ABCDGIRSTW][ABCDGIRSTW]*\)[	 ][	 ]*\([_A-Za-z][_A-Za-z0-9]*\)$/\1 \2 \2/p'\'' | sed '\''/ __gnu_lto/d'\'''
lt_cv_sys_global_symbol_to_c_name_address='sed -n -e '\''s/^: \([^ ]*\)[ ]*$/  {\"\1\", (void *) 0},/p'\'' -e '\''s/^[ABCDGIRSTW]* \([^ ]*\) \([^ ]*\)$/  {"\2", (void *) \&\2},/p'\'''
lt_cv_sys_global_symbol_to_c_name_address_lib_prefix='sed -n -e '\''s/^: \([^ ]*\)[ ]*$/  {\"\1\", (void *) 0},/p'\'' -e '\''s/^[ABCDGIRSTW]* \([^ ]*\) \(lib[^ ]*\)$/  {"\2", (void *) \&\2},/p'\'' -e '\''s/^[ABCDGIRSTW]* \([^ ]*\) \([^ ]*\)$/  {"lib\2", (void *) \&\2},/p'\'''
lt_cv_sys_global_symbol_to_cdecl='sed -n -e '\''s/^T .* \(.*\)$/extern int \1();/p'\'' -e '\''s/^[ABCDGIRSTW]* .* \(.*\)$/extern char \1;/p'\'''
lt_cv_sys_max_cmd_len=1572864
lt_cv_to_host_file_cmd=func_convert_file_noop
lt_cv_to_tool_file_cmd=func_convert_file_noop
rw_cv_prog_cxx_works=yes

## ----------------- ##
## Output variables. ##
## ----------------- ##

ACLOCAL='${SHELL} /home/mehdi/Téléchargements/libprotoident-2.0.8/missing --run aclocal-1.11'
ADD_INCLS=''
ADD_LDFLAGS=''
ADD_LIBS=''
AMDEPBACKSLASH='\'
AMDEP_FALSE='#'
AMDEP_TRUE=''
AMTAR='$${TAR-tar}'
AM_BACKSLASH='\'
AM_DEFAULT_V='$(AM_DEFAULT_VERBOSITY)'
AM_DEFAULT_VERBOSITY='0'
AM_V='$(V)'
AR='ar'
AUTOCONF='${SHELL} /home/mehdi/Téléchargements/libprotoident-2.0.8/missing --run autoconf'
AUTOHEADER='${SHELL} /home/mehdi/Téléchargements/libprotoident-2.0.8/missing --run autoheader'
AUTOMAKE='${SHELL} /home/mehdi/Téléchargements/libprotoident-2.0.8/missing --run automake-1.11'
AWK='mawk'
BUILD_LPI_TOOLS_FALSE='#'
BUILD_LPI_TOOLS_TRUE=''
CC='gcc'
CCDEPMODE='depmode=gcc3'
CFLAGS='-g -O2'
CPP='gcc -E'
CPPFLAGS=''
CXX='g++'
CXXCPP='g++ -E'
CXXDEPMODE='depmode=gcc3'
CXXFLAGS='-g -O2'
CYGPATH_W='echo'
DEFS='-DHAVE_CONFIG_H'
DEPDIR='.deps'
DLLTOOL='false'
DSYMUTIL=''
DUMPBIN=''
ECHO_C=''
ECHO_N='-n'
ECHO_T=''
EGREP='/bin/grep -E'
EXEEXT=''
FGREP='/bin/grep -F'
GREP='/bin/grep'
INSTALL_DATA='${INSTALL} -m 644'
INSTALL_PROGRAM='${INSTALL}'
INSTALL_SCRIPT='${INSTALL}'
INSTALL_STRIP_PROGRAM='$(install_sh) -c -s'
LD='/usr/bin/ld -m elf_x86_64'
LDFLAGS=''
LIBOBJS=''
LIBS='-lflowmanager -ltrace '
LIBTOOL='$(SHELL) $(top_builddir)/libtool'
LIPO=''
LN_S='ln -s'
LTLIBOBJS=''
MAKEINFO='${SHELL} /home/mehdi/Téléchargements/libprotoident-2.0.8/missing --run makeinfo'
MANIFEST_TOOL=':'
MKDIR_P='/bin/mkdir -p'
NM='/usr/bin/nm -B'
NMEDIT=''
OBJDUMP='objdump'
OBJEXT='o'
OTOOL64=''
OTOOL=''
PACKAGE='libprotoident'
PACKAGE_BUGREPORT='contact@wand.net.nz'
PACKAGE_NAME='libprotoident'
PACKAGE_STRING='libprotoident 2.0.8'
PACKAGE_TARNAME='libprotoident'
PACKAGE_URL=''
PACKAGE_VERSION='2.0.8'
PATH_SEPARATOR=':'
RANLIB='ranlib'
SED='/bin/sed'
SET_MAKE=''
SHELL='/bin/bash'
STRIP='strip'
VERSION='2.0.8'
ac_ct_AR='ar'
ac_ct_CC='gcc'
ac_ct_CXX='g++'
ac_ct_DUMPBIN=''
am__EXEEXT_FALSE=''
am__EXEEXT_TRUE='#'
am__fastdepCC_FALSE='#'
am__fastdepCC_TRUE=''
am__fastdepCXX_FALSE='#'
am__fastdepCXX_TRUE=''
am__include='include'
am__isrc=''
am__leading_dot='.'
am__nodep='_no'
am__quote=''
am__tar='$${TAR-tar} chof - "$$tardir"'
am__untar='$${TAR-tar} xf -'
bindir='${exec_prefix}/bin'
build='x86_64-unknown-linux-gnu'
build_alias=''
build_cpu='x86_64'
build_os='linux-gnu'
build_vendor='unknown'
datadir='${datarootdir}'
datarootdir='${prefix}/share'
docdir='${datarootdir}/doc/${PACKAGE_TARNAME}'
dvidir='${docdir}'
exec_prefix='${prefix}'
host='x86_64-unknown-linux-gnu'
host_alias=''
host_cpu='x86_64'
host_os='linux-gnu'
host_vendor='unknown'
htmldir='${docdir}'
includedir='${prefix}/include'
infodir='${datarootdir}/info'
install_sh='${SHELL} /home/mehdi/Téléchargements/libprotoident-2.0.8/install-sh'
libdir='${exec_prefix}/lib'
libexecdir='${exec_prefix}/libexec'
localedir='${datarootdir}/locale'
localstatedir='${prefix}/var'
mandir='${datarootdir}/man'
mkdir_p='/bin/mkdir -p'
oldincludedir='/usr/include'
pdfdir='${docdir}'
prefix='/usr/local/'
program_transform_name='s,x,x,'
psdir='${docdir}'
sbindir='${exec_prefix}/sbin'
sharedstatedir='${prefix}/com'
sysconfdir='${prefix}/etc'
target_alias=''

## ----------- ##
## confdefs.h. ##
## ----------- ##

/* confdefs.h */
#define PACKAGE_NAME "libprotoident"
#define PACKAGE_TARNAME "libprotoident"
#define PACKAGE_VERSION "2.0.8"
#define PACKAGE_STRING "libprotoident 2.0.8"
#define PACKAGE_BUGREPORT "contact@wand.net.nz"
#define PACKAGE_URL ""
#define PACKAGE "libprotoident"
#define VERSION "2.0.8"
#define STDC_HEADERS 1
#define HAVE_SYS_TYPES_H 1
#define HAVE_SYS_STAT_H 1
#define HAVE_STDLIB_H 1
#define HAVE_STRING_H 1
#define HAVE_MEMORY_H 1
#define HAVE_STRINGS_H 1
#define HAVE_INTTYPES_H 1
#define HAVE_STDINT_H 1
#define HAVE_UNISTD_H 1
#define HAVE_DLFCN_H 1
#define LT_OBJDIR ".libs/"
#define HAVE_LIBTRACE 1
#define HAVE_LIBFLOWMANAGER 1
#define HAVE_ARPA_INET_H 1
#define HAVE_FCNTL_H 1
#define HAVE_INTTYPES_H 1
#define HAVE_NETDB_H 1
#define HAVE_NETINET_IN_H 1
#define HAVE_STDINT_H 1
#define HAVE_STDLIB_H 1
#define HAVE_STRING_H 1
#define HAVE_SYS_SOCKET_H 1
#define HAVE_SYS_TIME_H 1
#define HAVE_SYSLOG_H 1
#define HAVE_UNISTD_H 1

configure: exit 0
